<?xml version="1.0" encoding="UTF-8"?>
<!-- Generated by org.testng.reporters.JUnitXMLReporter -->
<testsuite ignored="0" hostname="Oksanas-MacBook-Pro.local" failures="0" tests="9" name="Test all cases for System Out value" time="0.042" errors="0" timestamp="07 May 2020 22:44:21 GMT">
  <testcase classname="SystemOutTest" name="enter_28balls_for_days_happyPath" time="0.018"/>
  <testcase classname="SystemOutTest" name="enter_28min_and_28balls_for_min_happyPath" time="0.003"/>
  <testcase classname="SystemOutTest" name="test_enter_28balls_for_dayCounter_happyPath" time="0.01"/>
  <testcase classname="SystemOutTest" name="test_enter_wrong_128balls_for_dayCounter_sadPath" time="0.0"/>
  <testcase classname="SystemOutTest" name="test_enter_wrong_26balls_for_dayCounter_sadPath" time="0.0"/>
  <testcase classname="SystemOutTest" name="test_enter_wrong_value_in_select_month_or_days_sadPath" time="0.0"/>
  <testcase classname="SystemOutTest" name="test_minutes_method_21min_wrong_128balls_sadPath" time="0.002"/>
  <testcase classname="SystemOutTest" name="test_minutes_method_21min_wrong_27balls_sadPath" time="0.001"/>
  <testcase classname="SystemOutTest" name="test_minutes_method_28min_28balls_happyPath" time="0.002"/>
</testsuite> <!-- Test all cases for System Out value -->
