<?xml version="1.0" encoding="UTF-8"?>
<!-- Generated by org.testng.reporters.JUnitXMLReporter -->
<testsuite ignored="0" hostname="Oksanas-MacBook-Pro.local" failures="0" tests="5" name="Test all cases foe Ball Clock" time="0.075" errors="0" timestamp="07 May 2020 22:44:21 GMT">
  <testcase classname="BallClockTest" name="input_30Balls_expected_13Days_happyPath" time="0.018"/>
  <testcase classname="BallClockTest" name="input_65Balls_expected_70Days_happyPath" time="0.013"/>
  <testcase classname="BallClockTest" name="test_rail_after_1m_with_39b_happyPath" time="0.008"/>
  <testcase classname="BallClockTest" name="test_rail_after_28m_with_28b_happyPath" time="0.002"/>
  <testcase classname="BallClockTest" name="test_rail_after_65m_with_127b_happyPath" time="0.004"/>
</testsuite> <!-- Test all cases foe Ball Clock -->
