<?xml version="1.0" encoding="UTF-8"?>
<testsuite xmlns:xsi="http://www.w3.org/2001/XMLSchema-instance" xsi:noNamespaceSchemaLocation="https://maven.apache.org/surefire/maven-surefire-plugin/xsd/surefire-test-report-3.0.xsd" version="3.0" name="TestSuite" time="0.713" tests="14" errors="0" skipped="0" failures="0">
  <properties>
[...]
</properties>
  <testcase name="input_30Balls_expected_13Days_happyPath" classname="BallClockTest" time="0.019"/>
  <testcase name="input_65Balls_expected_70Days_happyPath" classname="BallClockTest" time="0.013"/>
  <testcase name="test_rail_after_1m_with_39b_happyPath" classname="BallClockTest" time="0.009"/>
  <testcase name="test_rail_after_28m_with_28b_happyPath" classname="BallClockTest" time="0.002"/>
  <testcase name="test_rail_after_65m_with_127b_happyPath" classname="BallClockTest" time="0.004"/>
  <testcase name="enter_28balls_for_days_happyPath" classname="SystemOutTest" time="0.018"/>
  <testcase name="enter_28min_and_28balls_for_min_happyPath" classname="SystemOutTest" time="0.002"/>
  <testcase name="test_enter_28balls_for_dayCounter_happyPath" classname="SystemOutTest" time="0.011"/>
  <testcase name="test_enter_wrong_128balls_for_dayCounter_sadPath" classname="SystemOutTest" time="0.001"/>
  <testcase name="test_enter_wrong_26balls_for_dayCounter_sadPath" classname="SystemOutTest" time="0.001"/>
  <testcase name="test_enter_wrong_value_in_select_month_or_days_sadPath" classname="SystemOutTest" time="0"/>
  <testcase name="test_minutes_method_21min_wrong_128balls_sadPath" classname="SystemOutTest" time="0.001"/>
  <testcase name="test_minutes_method_21min_wrong_27balls_sadPath" classname="SystemOutTest" time="0.002"/>
  <testcase name="test_minutes_method_28min_28balls_happyPath" classname="SystemOutTest" time="0.003"/>
</testsuite>